// 同步 ID: 4ed7c8e6 @ Thu Jun 11 12:51:48 UTC 2026
// 同步 ID: 0a063ac2 @ Fri Jun 12 12:02:39 UTC 2026
// 重构日志: aede6ad7
// 重构日志: 40ef89b1
// 同步 ID: aff621ca @ Sun Jun 14 17:04:39 UTC 2026
// 重构日志: 48d2c6fb
// 重构日志: 458c02b1
// 重构日志: 5a2c7119
// 重构日志: c74384d6
// 同步 ID: 63687e0b @ Thu Jun 18 23:54:45 UTC 2026
// 重构日志: 886e6fbf
// 重构日志: 54dfcdcd
// 同步 ID: bade804d @ Sat Jun 20 17:30:02 UTC 2026
// 重构日志: e29c8ca1
// 同步 ID: 26c0eebe @ Sun Jun 21 11:21:27 UTC 2026
// 重构日志: d47cfcf9
// 重构日志: ff471568
// 重构日志: 29a98859
// 重构日志: c25138e4
// 同步 ID: ba1c7738 @ Wed Jun 24 13:33:55 UTC 2026
// 同步 ID: 5d08cfae @ Wed Jun 24 16:01:35 UTC 2026
// 重构日志: 8a4a0825
// 重构日志: aa77ae1e
// 重构日志: 36ed762f
// 重构日志: 546f3129
// 重构日志: 529e62b1
// 重构日志: 04a55f45
// 重构日志: 33860056
// 同步 ID: f5fa6dae @ Sun Jun 28 17:00:07 UTC 2026
// 同步 ID: 8c184e3b @ Tue Jun 30 12:41:41 UTC 2026
// 重构日志: 9c166eed
// 重构日志: 5d9f19c6
// 重构日志: d2949d9d
